ERROR - 2022-10-21 00:08:16 --> Error connecting to the database: php_network_getaddresses: getaddrinfo for localhosttest failed: nodename nor servname provided, or not known
CRITICAL - 2022-10-21 00:08:16 --> Unable to connect to the database.
Main connection [MySQLi]: php_network_getaddresses: getaddrinfo for localhosttest failed: nodename nor servname provided, or not known
in SYSTEMPATH/Database/BaseConnection.php on line 415.
 1 SYSTEMPATH/Database/BaseConnection.php(585): CodeIgniter\Database\BaseConnection->initialize()
 2 SYSTEMPATH/Database/BaseBuilder.php(1585): CodeIgniter\Database\BaseConnection->query('SELECT *
FROM `contact_details`
ORDER BY date(date_created) ASC', [], false)
 3 SYSTEMPATH/Model.php(771): CodeIgniter\Database\BaseBuilder->get()
 4 APPPATH/Controllers/Main.php(73): CodeIgniter\Model->__call('get', [])
 5 SYSTEMPATH/CodeIgniter.php(898): App\Controllers\Main->list()
 6 SYSTEMPATH/CodeIgniter.php(468): CodeIgniter\CodeIgniter->runController(Object(App\Controllers\Main))
 7 SYSTEMPATH/CodeIgniter.php(351): CodeIgniter\CodeIgniter->handleRequest(null, Object(Config\Cache), false)
 8 FCPATH/index.php(55): CodeIgniter\CodeIgniter->run()
 9 SYSTEMPATH/Commands/Server/rewrite.php(43): require_once('FCPATH/index.php')
ERROR - 2022-10-21 00:08:40 --> Error connecting to the database: php_network_getaddresses: getaddrinfo for localhosttest failed: nodename nor servname provided, or not known
CRITICAL - 2022-10-21 00:08:40 --> Unable to connect to the database.
Main connection [MySQLi]: php_network_getaddresses: getaddrinfo for localhosttest failed: nodename nor servname provided, or not known
in SYSTEMPATH/Database/BaseConnection.php on line 415.
 1 SYSTEMPATH/Database/BaseConnection.php(585): CodeIgniter\Database\BaseConnection->initialize()
 2 SYSTEMPATH/Database/BaseBuilder.php(1585): CodeIgniter\Database\BaseConnection->query('SELECT *
FROM `contact_details`
ORDER BY date(date_created) ASC', [], false)
 3 SYSTEMPATH/Model.php(771): CodeIgniter\Database\BaseBuilder->get()
 4 APPPATH/Controllers/Main.php(73): CodeIgniter\Model->__call('get', [])
 5 SYSTEMPATH/CodeIgniter.php(898): App\Controllers\Main->list()
 6 SYSTEMPATH/CodeIgniter.php(468): CodeIgniter\CodeIgniter->runController(Object(App\Controllers\Main))
 7 SYSTEMPATH/CodeIgniter.php(351): CodeIgniter\CodeIgniter->handleRequest(null, Object(Config\Cache), false)
 8 FCPATH/index.php(55): CodeIgniter\CodeIgniter->run()
 9 SYSTEMPATH/Commands/Server/rewrite.php(43): require_once('FCPATH/index.php')
ERROR - 2022-10-21 00:08:48 --> Error connecting to the database: php_network_getaddresses: getaddrinfo for localhosttest failed: nodename nor servname provided, or not known
CRITICAL - 2022-10-21 00:08:48 --> Unable to connect to the database.
Main connection [MySQLi]: php_network_getaddresses: getaddrinfo for localhosttest failed: nodename nor servname provided, or not known
in SYSTEMPATH/Database/BaseConnection.php on line 415.
 1 SYSTEMPATH/Database/BaseConnection.php(585): CodeIgniter\Database\BaseConnection->initialize()
 2 SYSTEMPATH/Database/BaseBuilder.php(1585): CodeIgniter\Database\BaseConnection->query('SELECT *
FROM `contact_details`
ORDER BY date(date_created) ASC', [], false)
 3 SYSTEMPATH/Model.php(771): CodeIgniter\Database\BaseBuilder->get()
 4 APPPATH/Controllers/Main.php(73): CodeIgniter\Model->__call('get', [])
 5 SYSTEMPATH/CodeIgniter.php(898): App\Controllers\Main->list()
 6 SYSTEMPATH/CodeIgniter.php(468): CodeIgniter\CodeIgniter->runController(Object(App\Controllers\Main))
 7 SYSTEMPATH/CodeIgniter.php(351): CodeIgniter\CodeIgniter->handleRequest(null, Object(Config\Cache), false)
 8 FCPATH/index.php(55): CodeIgniter\CodeIgniter->run()
 9 SYSTEMPATH/Commands/Server/rewrite.php(43): require_once('FCPATH/index.php')
